android/app/build/intermediates/manifest_merge_blame_file/release/processReleaseMainManifest/manifest-merger-blame-release-report.txt
1<?xml version="1.0" encoding="utf-8"?>
2<manifest xmlns:android="http://schemas.android.com/apk/res/android"
3    package="com.godesk.godeskengineer"
4    android:versionCode="1"
5    android:versionName="1.0.0" >
6
7    <uses-sdk
8        android:minSdkVersion="24"
9        android:targetSdkVersion="34" />
10
11    <uses-permission android:name="android.permission.ACCESS_COARSE_LOCATION" />
11-->src\main\AndroidManifest.xml:2:3-78
11-->src\main\AndroidManifest.xml:2:20-76
12    <uses-permission android:name="android.permission.ACCESS_FINE_LOCATION" />
12-->src\main\AndroidManifest.xml:3:3-76
12-->src\main\AndroidManifest.xml:3:20-74
13    <uses-permission android:name="android.permission.INTERNET" />
13-->src\main\AndroidManifest.xml:4:3-64
13-->src\main\AndroidManifest.xml:4:20-62
14    <uses-permission android:name="android.permission.READ_EXTERNAL_STORAGE" />
14-->src\main\AndroidManifest.xml:5:3-77
14-->src\main\AndroidManifest.xml:5:20-75
15    <uses-permission android:name="android.permission.RECORD_AUDIO" />
15-->src\main\AndroidManifest.xml:6:3-68
15-->src\main\AndroidManifest.xml:6:20-66
16    <uses-permission android:name="android.permission.SYSTEM_ALERT_WINDOW" />
16-->src\main\AndroidManifest.xml:7:3-75
16-->src\main\AndroidManifest.xml:7:20-73
17    <uses-permission android:name="android.permission.VIBRATE" />
17-->src\main\AndroidManifest.xml:8:3-63
17-->src\main\AndroidManifest.xml:8:20-61
18    <uses-permission android:name="android.permission.WRITE_EXTERNAL_STORAGE" />
18-->src\main\AndroidManifest.xml:9:3-78
18-->src\main\AndroidManifest.xml:9:20-76
19
20    <queries>
20-->src\main\AndroidManifest.xml:10:3-16:13
21        <intent>
21-->src\main\AndroidManifest.xml:11:5-15:14
22            <action android:name="android.intent.action.VIEW" />
22-->src\main\AndroidManifest.xml:12:7-58
22-->src\main\AndroidManifest.xml:12:15-56
23
24            <category android:name="android.intent.category.BROWSABLE" />
24-->src\main\AndroidManifest.xml:13:7-67
24-->src\main\AndroidManifest.xml:13:17-65
25
26            <data android:scheme="https" />
26-->src\main\AndroidManifest.xml:14:7-37
26-->src\main\AndroidManifest.xml:14:13-35
27        </intent>
28        <!-- Query open documents -->
29        <intent>
29-->[:expo-file-system] AndroidManifest.xml:15:9-17:18
30            <action android:name="android.intent.action.OPEN_DOCUMENT_TREE" />
30-->[:expo-file-system] AndroidManifest.xml:16:13-79
30-->[:expo-file-system] AndroidManifest.xml:16:21-76
31        </intent>
32        <intent>
32-->[:expo-image-picker] AndroidManifest.xml:15:9-19:18
33
34            <!-- Required for picking images from the camera roll if targeting API 30 -->
35            <action android:name="android.media.action.IMAGE_CAPTURE" />
35-->[:expo-image-picker] AndroidManifest.xml:18:13-73
35-->[:expo-image-picker] AndroidManifest.xml:18:21-70
36        </intent>
37        <intent>
37-->[:expo-image-picker] AndroidManifest.xml:20:9-24:18
38
39            <!-- Required for picking images from the camera if targeting API 30 -->
40            <action android:name="android.media.action.ACTION_VIDEO_CAPTURE" />
40-->[:expo-image-picker] AndroidManifest.xml:23:13-80
40-->[:expo-image-picker] AndroidManifest.xml:23:21-77
41        </intent>
42        <intent>
42-->[com.github.CanHub:Android-Image-Cropper:4.3.1] AndroidManifest.xml:10:9-16:18
43            <action android:name="android.intent.action.GET_CONTENT" />
43-->[com.github.CanHub:Android-Image-Cropper:4.3.1] AndroidManifest.xml:11:13-72
43-->[com.github.CanHub:Android-Image-Cropper:4.3.1] AndroidManifest.xml:11:21-69
44
45            <category android:name="android.intent.category.OPENABLE" />
45-->[com.github.CanHub:Android-Image-Cropper:4.3.1] AndroidManifest.xml:13:13-73
45-->[com.github.CanHub:Android-Image-Cropper:4.3.1] AndroidManifest.xml:13:23-70
46
47            <data android:mimeType="*/*" />
47-->src\main\AndroidManifest.xml:14:7-37
48        </intent>
49    </queries>
50    <!-- Required for picking images from camera directly -->
51    <uses-permission android:name="android.permission.CAMERA" />
51-->[:expo-image-picker] AndroidManifest.xml:8:5-65
51-->[:expo-image-picker] AndroidManifest.xml:8:22-62
52
53    <permission
53-->[androidx.core:core:1.13.1] AndroidManifest.xml:22:5-24:47
54        android:name="com.godesk.godeskengineer.DYNAMIC_RECEIVER_NOT_EXPORTED_PERMISSION"
54-->[androidx.core:core:1.13.1] AndroidManifest.xml:23:9-81
55        android:protectionLevel="signature" />
55-->[androidx.core:core:1.13.1] AndroidManifest.xml:24:9-44
56
57    <uses-permission android:name="com.godesk.godeskengineer.DYNAMIC_RECEIVER_NOT_EXPORTED_PERMISSION" />
57-->[androidx.core:core:1.13.1] AndroidManifest.xml:26:5-97
57-->[androidx.core:core:1.13.1] AndroidManifest.xml:26:22-94
58    <uses-permission android:name="android.permission.ACCESS_NETWORK_STATE" />
58-->[io.nlopez.smartlocation:library:3.3.3] AndroidManifest.xml:13:5-79
58-->[io.nlopez.smartlocation:library:3.3.3] AndroidManifest.xml:13:22-76
59    <uses-permission android:name="com.google.android.providers.gsf.permission.READ_GSERVICES" />
59-->[io.nlopez.smartlocation:library:3.3.3] AndroidManifest.xml:15:5-98
59-->[io.nlopez.smartlocation:library:3.3.3] AndroidManifest.xml:15:22-95
60    <uses-permission android:name="com.google.android.gms.permission.ACTIVITY_RECOGNITION" />
60-->[io.nlopez.smartlocation:library:3.3.3] AndroidManifest.xml:16:5-94
60-->[io.nlopez.smartlocation:library:3.3.3] AndroidManifest.xml:16:22-91
61
62    <application
62-->src\main\AndroidManifest.xml:17:3-34:17
63        android:name="com.godesk.godeskengineer.MainApplication"
63-->src\main\AndroidManifest.xml:17:16-47
64        android:allowBackup="true"
64-->src\main\AndroidManifest.xml:17:162-188
65        android:appComponentFactory="androidx.core.app.CoreComponentFactory"
65-->[androidx.core:core:1.13.1] AndroidManifest.xml:28:18-86
66        android:extractNativeLibs="false"
67        android:icon="@mipmap/ic_launcher"
67-->src\main\AndroidManifest.xml:17:81-115
68        android:label="@string/app_name"
68-->src\main\AndroidManifest.xml:17:48-80
69        android:roundIcon="@mipmap/ic_launcher_round"
69-->src\main\AndroidManifest.xml:17:116-161
70        android:supportsRtl="true"
70-->src\main\AndroidManifest.xml:17:221-247
71        android:theme="@style/AppTheme" >
71-->src\main\AndroidManifest.xml:17:189-220
72        <meta-data
72-->src\main\AndroidManifest.xml:18:5-83
73            android:name="expo.modules.updates.ENABLED"
73-->src\main\AndroidManifest.xml:18:16-59
74            android:value="false" />
74-->src\main\AndroidManifest.xml:18:60-81
75        <meta-data
75-->src\main\AndroidManifest.xml:19:5-105
76            android:name="expo.modules.updates.EXPO_UPDATES_CHECK_ON_LAUNCH"
76-->src\main\AndroidManifest.xml:19:16-80
77            android:value="ALWAYS" />
77-->src\main\AndroidManifest.xml:19:81-103
78        <meta-data
78-->src\main\AndroidManifest.xml:20:5-99
79            android:name="expo.modules.updates.EXPO_UPDATES_LAUNCH_WAIT_MS"
79-->src\main\AndroidManifest.xml:20:16-79
80            android:value="0" />
80-->src\main\AndroidManifest.xml:20:80-97
81
82        <activity
82-->src\main\AndroidManifest.xml:21:5-33:16
83            android:name="com.godesk.godeskengineer.MainActivity"
83-->src\main\AndroidManifest.xml:21:15-43
84            android:configChanges="keyboard|keyboardHidden|orientation|screenSize|screenLayout|uiMode"
84-->src\main\AndroidManifest.xml:21:44-134
85            android:exported="true"
85-->src\main\AndroidManifest.xml:21:256-279
86            android:launchMode="singleTask"
86-->src\main\AndroidManifest.xml:21:135-166
87            android:screenOrientation="portrait"
87-->src\main\AndroidManifest.xml:21:280-316
88            android:theme="@style/Theme.App.SplashScreen"
88-->src\main\AndroidManifest.xml:21:210-255
89            android:windowSoftInputMode="adjustResize" >
89-->src\main\AndroidManifest.xml:21:167-209
90            <intent-filter>
90-->src\main\AndroidManifest.xml:22:7-25:23
91                <action android:name="android.intent.action.MAIN" />
91-->src\main\AndroidManifest.xml:23:9-60
91-->src\main\AndroidManifest.xml:23:17-58
92
93                <category android:name="android.intent.category.LAUNCHER" />
93-->src\main\AndroidManifest.xml:24:9-68
93-->src\main\AndroidManifest.xml:24:19-66
94            </intent-filter>
95            <intent-filter>
95-->src\main\AndroidManifest.xml:26:7-32:23
96                <action android:name="android.intent.action.VIEW" />
96-->src\main\AndroidManifest.xml:12:7-58
96-->src\main\AndroidManifest.xml:12:15-56
97
98                <category android:name="android.intent.category.DEFAULT" />
98-->src\main\AndroidManifest.xml:28:9-67
98-->src\main\AndroidManifest.xml:28:19-65
99                <category android:name="android.intent.category.BROWSABLE" />
99-->src\main\AndroidManifest.xml:13:7-67
99-->src\main\AndroidManifest.xml:13:17-65
100
101                <data android:scheme="godesk_engineer" />
101-->src\main\AndroidManifest.xml:14:7-37
101-->src\main\AndroidManifest.xml:14:13-35
102                <data android:scheme="com.godesk.godeskengineer" />
102-->src\main\AndroidManifest.xml:14:7-37
102-->src\main\AndroidManifest.xml:14:13-35
103            </intent-filter>
104        </activity>
105
106        <provider
106-->[:expo-file-system] AndroidManifest.xml:21:9-30:20
107            android:name="expo.modules.filesystem.FileSystemFileProvider"
107-->[:expo-file-system] AndroidManifest.xml:22:13-74
108            android:authorities="com.godesk.godeskengineer.FileSystemFileProvider"
108-->[:expo-file-system] AndroidManifest.xml:23:13-74
109            android:exported="false"
109-->[:expo-file-system] AndroidManifest.xml:24:13-37
110            android:grantUriPermissions="true" >
110-->[:expo-file-system] AndroidManifest.xml:25:13-47
111            <meta-data
111-->[:expo-file-system] AndroidManifest.xml:27:13-29:70
112                android:name="android.support.FILE_PROVIDER_PATHS"
112-->[:expo-file-system] AndroidManifest.xml:28:17-67
113                android:resource="@xml/file_system_provider_paths" />
113-->[:expo-file-system] AndroidManifest.xml:29:17-67
114        </provider>
115
116        <service
116-->[:expo-image-picker] AndroidManifest.xml:28:9-40:19
117            android:name="com.google.android.gms.metadata.ModuleDependencies"
117-->[:expo-image-picker] AndroidManifest.xml:29:13-78
118            android:enabled="false"
118-->[:expo-image-picker] AndroidManifest.xml:30:13-36
119            android:exported="false" >
119-->[:expo-image-picker] AndroidManifest.xml:31:13-37
120            <intent-filter>
120-->[:expo-image-picker] AndroidManifest.xml:33:13-35:29
121                <action android:name="com.google.android.gms.metadata.MODULE_DEPENDENCIES" />
121-->[:expo-image-picker] AndroidManifest.xml:34:17-94
121-->[:expo-image-picker] AndroidManifest.xml:34:25-91
122            </intent-filter>
123
124            <meta-data
124-->[:expo-image-picker] AndroidManifest.xml:37:13-39:36
125                android:name="photopicker_activity:0:required"
125-->[:expo-image-picker] AndroidManifest.xml:38:17-63
126                android:value="" />
126-->[:expo-image-picker] AndroidManifest.xml:39:17-33
127        </service>
128
129        <activity
129-->[:expo-image-picker] AndroidManifest.xml:42:9-44:59
130            android:name="com.canhub.cropper.CropImageActivity"
130-->[:expo-image-picker] AndroidManifest.xml:43:13-64
131            android:exported="true"
131-->[com.github.CanHub:Android-Image-Cropper:4.3.1] AndroidManifest.xml:35:13-36
132            android:theme="@style/Base.Theme.AppCompat" /> <!-- https://developer.android.com/guide/topics/manifest/provider-element.html -->
132-->[:expo-image-picker] AndroidManifest.xml:44:13-56
133        <provider
133-->[:expo-image-picker] AndroidManifest.xml:46:9-54:20
134            android:name="expo.modules.imagepicker.fileprovider.ImagePickerFileProvider"
134-->[:expo-image-picker] AndroidManifest.xml:47:13-89
135            android:authorities="com.godesk.godeskengineer.ImagePickerFileProvider"
135-->[:expo-image-picker] AndroidManifest.xml:48:13-75
136            android:exported="false"
136-->[:expo-image-picker] AndroidManifest.xml:49:13-37
137            android:grantUriPermissions="true" >
137-->[:expo-image-picker] AndroidManifest.xml:50:13-47
138            <meta-data
138-->[:expo-file-system] AndroidManifest.xml:27:13-29:70
139                android:name="android.support.FILE_PROVIDER_PATHS"
139-->[:expo-file-system] AndroidManifest.xml:28:17-67
140                android:resource="@xml/image_picker_provider_paths" />
140-->[:expo-file-system] AndroidManifest.xml:29:17-67
141        </provider>
142
143        <service
143-->[:expo-location] AndroidManifest.xml:11:9-14:56
144            android:name="expo.modules.location.services.LocationTaskService"
144-->[:expo-location] AndroidManifest.xml:12:13-78
145            android:exported="false"
145-->[:expo-location] AndroidManifest.xml:13:13-37
146            android:foregroundServiceType="location" />
146-->[:expo-location] AndroidManifest.xml:14:13-53
147
148        <receiver
148-->[:expo-task-manager] AndroidManifest.xml:8:9-16:20
149            android:name="expo.modules.taskManager.TaskBroadcastReceiver"
149-->[:expo-task-manager] AndroidManifest.xml:9:13-74
150            android:exported="false" >
150-->[:expo-task-manager] AndroidManifest.xml:10:13-37
151            <intent-filter>
151-->[:expo-task-manager] AndroidManifest.xml:11:13-15:29
152                <action android:name="expo.modules.taskManager.TaskBroadcastReceiver.INTENT_ACTION" />
152-->[:expo-task-manager] AndroidManifest.xml:12:17-103
152-->[:expo-task-manager] AndroidManifest.xml:12:25-100
153                <action android:name="android.intent.action.BOOT_COMPLETED" />
153-->[:expo-task-manager] AndroidManifest.xml:13:17-79
153-->[:expo-task-manager] AndroidManifest.xml:13:25-76
154                <action android:name="android.intent.action.MY_PACKAGE_REPLACED" />
154-->[:expo-task-manager] AndroidManifest.xml:14:17-84
154-->[:expo-task-manager] AndroidManifest.xml:14:25-81
155            </intent-filter>
156        </receiver>
157
158        <service
158-->[:expo-task-manager] AndroidManifest.xml:18:9-22:72
159            android:name="expo.modules.taskManager.TaskJobService"
159-->[:expo-task-manager] AndroidManifest.xml:19:13-67
160            android:enabled="true"
160-->[:expo-task-manager] AndroidManifest.xml:20:13-35
161            android:exported="false"
161-->[:expo-task-manager] AndroidManifest.xml:21:13-37
162            android:permission="android.permission.BIND_JOB_SERVICE" />
162-->[:expo-task-manager] AndroidManifest.xml:22:13-69
163
164        <meta-data
164-->[:expo-task-manager] AndroidManifest.xml:24:9-26:36
165            android:name="expo.modules.taskManager.oneAppId"
165-->[:expo-task-manager] AndroidManifest.xml:25:13-61
166            android:value="true" />
166-->[:expo-task-manager] AndroidManifest.xml:26:13-33
167        <meta-data
167-->[:expo-modules-core] AndroidManifest.xml:9:9-11:89
168            android:name="org.unimodules.core.AppLoader#react-native-headless"
168-->[:expo-modules-core] AndroidManifest.xml:10:13-79
169            android:value="expo.modules.adapters.react.apploader.RNHeadlessAppLoader" />
169-->[:expo-modules-core] AndroidManifest.xml:11:13-86
170        <meta-data
170-->[:expo-modules-core] AndroidManifest.xml:12:9-15:45
171            android:name="com.facebook.soloader.enabled"
171-->[:expo-modules-core] AndroidManifest.xml:13:13-57
172            android:value="true" />
172-->[:expo-modules-core] AndroidManifest.xml:14:13-33
173
174        <provider
174-->[com.github.CanHub:Android-Image-Cropper:4.3.1] AndroidManifest.xml:23:9-31:20
175            android:name="com.canhub.cropper.CropFileProvider"
175-->[com.github.CanHub:Android-Image-Cropper:4.3.1] AndroidManifest.xml:24:13-63
176            android:authorities="com.godesk.godeskengineer.cropper.fileprovider"
176-->[com.github.CanHub:Android-Image-Cropper:4.3.1] AndroidManifest.xml:25:13-72
177            android:exported="false"
177-->[com.github.CanHub:Android-Image-Cropper:4.3.1] AndroidManifest.xml:26:13-37
178            android:grantUriPermissions="true" >
178-->[com.github.CanHub:Android-Image-Cropper:4.3.1] AndroidManifest.xml:27:13-47
179            <meta-data
179-->[:expo-file-system] AndroidManifest.xml:27:13-29:70
180                android:name="android.support.FILE_PROVIDER_PATHS"
180-->[:expo-file-system] AndroidManifest.xml:28:17-67
181                android:resource="@xml/library_file_paths" />
181-->[:expo-file-system] AndroidManifest.xml:29:17-67
182        </provider>
183
184        <activity
184-->[com.google.android.gms:play-services-base:18.1.0] AndroidManifest.xml:20:9-22:45
185            android:name="com.google.android.gms.common.api.GoogleApiActivity"
185-->[com.google.android.gms:play-services-base:18.1.0] AndroidManifest.xml:20:19-85
186            android:exported="false"
186-->[com.google.android.gms:play-services-base:18.1.0] AndroidManifest.xml:22:19-43
187            android:theme="@android:style/Theme.Translucent.NoTitleBar" />
187-->[com.google.android.gms:play-services-base:18.1.0] AndroidManifest.xml:21:19-78
188
189        <meta-data
189-->[com.google.android.gms:play-services-basement:18.1.0] AndroidManifest.xml:21:9-23:69
190            android:name="com.google.android.gms.version"
190-->[com.google.android.gms:play-services-basement:18.1.0] AndroidManifest.xml:22:13-58
191            android:value="@integer/google_play_services_version" />
191-->[com.google.android.gms:play-services-basement:18.1.0] AndroidManifest.xml:23:13-66
192
193        <provider
193-->[androidx.emoji2:emoji2:1.2.0] AndroidManifest.xml:24:9-32:20
194            android:name="androidx.startup.InitializationProvider"
194-->[androidx.emoji2:emoji2:1.2.0] AndroidManifest.xml:25:13-67
195            android:authorities="com.godesk.godeskengineer.androidx-startup"
195-->[androidx.emoji2:emoji2:1.2.0] AndroidManifest.xml:26:13-68
196            android:exported="false" >
196-->[androidx.emoji2:emoji2:1.2.0] AndroidManifest.xml:27:13-37
197            <meta-data
197-->[androidx.emoji2:emoji2:1.2.0] AndroidManifest.xml:29:13-31:52
198                android:name="androidx.emoji2.text.EmojiCompatInitializer"
198-->[androidx.emoji2:emoji2:1.2.0] AndroidManifest.xml:30:17-75
199                android:value="androidx.startup" />
199-->[androidx.emoji2:emoji2:1.2.0] AndroidManifest.xml:31:17-49
200            <meta-data
200-->[androidx.lifecycle:lifecycle-process:2.6.2] AndroidManifest.xml:29:13-31:52
201                android:name="androidx.lifecycle.ProcessLifecycleInitializer"
201-->[androidx.lifecycle:lifecycle-process:2.6.2] AndroidManifest.xml:30:17-78
202                android:value="androidx.startup" />
202-->[androidx.lifecycle:lifecycle-process:2.6.2] AndroidManifest.xml:31:17-49
203            <meta-data
203-->[androidx.profileinstaller:profileinstaller:1.3.0] AndroidManifest.xml:29:13-31:52
204                android:name="androidx.profileinstaller.ProfileInstallerInitializer"
204-->[androidx.profileinstaller:profileinstaller:1.3.0] AndroidManifest.xml:30:17-85
205                android:value="androidx.startup" />
205-->[androidx.profileinstaller:profileinstaller:1.3.0] AndroidManifest.xml:31:17-49
206        </provider>
207
208        <receiver
208-->[androidx.profileinstaller:profileinstaller:1.3.0] AndroidManifest.xml:34:9-52:20
209            android:name="androidx.profileinstaller.ProfileInstallReceiver"
209-->[androidx.profileinstaller:profileinstaller:1.3.0] AndroidManifest.xml:35:13-76
210            android:directBootAware="false"
210-->[androidx.profileinstaller:profileinstaller:1.3.0] AndroidManifest.xml:36:13-44
211            android:enabled="true"
211-->[androidx.profileinstaller:profileinstaller:1.3.0] AndroidManifest.xml:37:13-35
212            android:exported="true"
212-->[androidx.profileinstaller:profileinstaller:1.3.0] AndroidManifest.xml:38:13-36
213            android:permission="android.permission.DUMP" >
213-->[androidx.profileinstaller:profileinstaller:1.3.0] AndroidManifest.xml:39:13-57
214            <intent-filter>
214-->[androidx.profileinstaller:profileinstaller:1.3.0] AndroidManifest.xml:40:13-42:29
215                <action android:name="androidx.profileinstaller.action.INSTALL_PROFILE" />
215-->[androidx.profileinstaller:profileinstaller:1.3.0] AndroidManifest.xml:41:17-91
215-->[androidx.profileinstaller:profileinstaller:1.3.0] AndroidManifest.xml:41:25-88
216            </intent-filter>
217            <intent-filter>
217-->[androidx.profileinstaller:profileinstaller:1.3.0] AndroidManifest.xml:43:13-45:29
218                <action android:name="androidx.profileinstaller.action.SKIP_FILE" />
218-->[androidx.profileinstaller:profileinstaller:1.3.0] AndroidManifest.xml:44:17-85
218-->[androidx.profileinstaller:profileinstaller:1.3.0] AndroidManifest.xml:44:25-82
219            </intent-filter>
220            <intent-filter>
220-->[androidx.profileinstaller:profileinstaller:1.3.0] AndroidManifest.xml:46:13-48:29
221                <action android:name="androidx.profileinstaller.action.SAVE_PROFILE" />
221-->[androidx.profileinstaller:profileinstaller:1.3.0] AndroidManifest.xml:47:17-88
221-->[androidx.profileinstaller:profileinstaller:1.3.0] AndroidManifest.xml:47:25-85
222            </intent-filter>
223            <intent-filter>
223-->[androidx.profileinstaller:profileinstaller:1.3.0] AndroidManifest.xml:49:13-51:29
224                <action android:name="androidx.profileinstaller.action.BENCHMARK_OPERATION" />
224-->[androidx.profileinstaller:profileinstaller:1.3.0] AndroidManifest.xml:50:17-95
224-->[androidx.profileinstaller:profileinstaller:1.3.0] AndroidManifest.xml:50:25-92
225            </intent-filter>
226        </receiver>
227
228        <service
228-->[io.nlopez.smartlocation:library:3.3.3] AndroidManifest.xml:19:9-21:40
229            android:name="io.nlopez.smartlocation.activity.providers.ActivityGooglePlayServicesProvider$ActivityRecognitionService"
229-->[io.nlopez.smartlocation:library:3.3.3] AndroidManifest.xml:20:13-132
230            android:exported="false" />
230-->[io.nlopez.smartlocation:library:3.3.3] AndroidManifest.xml:21:13-37
231        <service
231-->[io.nlopez.smartlocation:library:3.3.3] AndroidManifest.xml:22:9-24:40
232            android:name="io.nlopez.smartlocation.geofencing.providers.GeofencingGooglePlayServicesProvider$GeofencingService"
232-->[io.nlopez.smartlocation:library:3.3.3] AndroidManifest.xml:23:13-127
233            android:exported="false" />
233-->[io.nlopez.smartlocation:library:3.3.3] AndroidManifest.xml:24:13-37
234        <service
234-->[io.nlopez.smartlocation:library:3.3.3] AndroidManifest.xml:25:9-27:40
235            android:name="io.nlopez.smartlocation.geocoding.providers.AndroidGeocodingProvider$AndroidGeocodingService"
235-->[io.nlopez.smartlocation:library:3.3.3] AndroidManifest.xml:26:13-120
236            android:exported="false" />
236-->[io.nlopez.smartlocation:library:3.3.3] AndroidManifest.xml:27:13-37
237    </application>
238
239</manifest>